c:\users\jason.goss\source\repos\dll1\dll1\debug\dll1.pch
c:\users\jason.goss\source\repos\dll1\dll1\debug\vc141.pdb
c:\users\jason.goss\source\repos\dll1\dll1\debug\vc141.idb
c:\users\jason.goss\source\repos\dll1\dll1\debug\stdafx.obj
c:\users\jason.goss\source\repos\dll1\dll1\debug\dll1.obj
c:\users\jason.goss\source\repos\dll1\dll1\debug\dllmain.obj
c:\users\jason.goss\source\repos\dll1\debug\dll1.pdb
c:\users\jason.goss\source\repos\dll1\dll1\debug\dll1.tlog\cl.command.1.tlog
c:\users\jason.goss\source\repos\dll1\dll1\debug\dll1.tlog\cl.read.1.tlog
c:\users\jason.goss\source\repos\dll1\dll1\debug\dll1.tlog\cl.write.1.tlog
c:\users\jason.goss\source\repos\dll1\dll1\debug\dll1.tlog\link-cvtres.read.1.tlog
c:\users\jason.goss\source\repos\dll1\dll1\debug\dll1.tlog\link-cvtres.write.1.tlog
c:\users\jason.goss\source\repos\dll1\dll1\debug\dll1.tlog\link-rc.read.1.tlog
c:\users\jason.goss\source\repos\dll1\dll1\debug\dll1.tlog\link-rc.write.1.tlog
c:\users\jason.goss\source\repos\dll1\dll1\debug\dll1.tlog\link.20064-cvtres.read.1.tlog
c:\users\jason.goss\source\repos\dll1\dll1\debug\dll1.tlog\link.20064-cvtres.write.1.tlog
c:\users\jason.goss\source\repos\dll1\dll1\debug\dll1.tlog\link.20064-rc.read.1.tlog
c:\users\jason.goss\source\repos\dll1\dll1\debug\dll1.tlog\link.20064-rc.write.1.tlog
c:\users\jason.goss\source\repos\dll1\dll1\debug\dll1.tlog\link.20064.read.1.tlog
c:\users\jason.goss\source\repos\dll1\dll1\debug\dll1.tlog\link.20064.write.1.tlog
c:\users\jason.goss\source\repos\dll1\dll1\debug\dll1.tlog\link.command.1.tlog
c:\users\jason.goss\source\repos\dll1\dll1\debug\dll1.tlog\link.read.1.tlog
c:\users\jason.goss\source\repos\dll1\dll1\debug\dll1.tlog\link.write.1.tlog
