c:\users\jason.goss\source\repos\dll1\dll1\x64\release\dll1.pch
c:\users\jason.goss\source\repos\dll1\dll1\x64\release\vc141.pdb
c:\users\jason.goss\source\repos\dll1\dll1\x64\release\stdafx.obj
c:\users\jason.goss\source\repos\dll1\dll1\x64\release\dllmain.obj
c:\users\jason.goss\source\repos\dll1\dll1\x64\release\dll1.obj
c:\users\jason.goss\source\repos\dll1\x64\release\dll1.lib
c:\users\jason.goss\source\repos\dll1\x64\release\dll1.exp
c:\users\jason.goss\source\repos\dll1\x64\release\dll1.ipdb
c:\users\jason.goss\source\repos\dll1\x64\release\dll1.iobj
c:\users\jason.goss\source\repos\dll1\x64\release\dll1.dll
c:\users\jason.goss\source\repos\dll1\x64\release\dll1.pdb
c:\users\jason.goss\source\repos\dll1\dll1\x64\release\resource.res
c:\users\jason.goss\source\repos\dll1\dll1\x64\release\dll1.tlog\cl.command.1.tlog
c:\users\jason.goss\source\repos\dll1\dll1\x64\release\dll1.tlog\cl.read.1.tlog
c:\users\jason.goss\source\repos\dll1\dll1\x64\release\dll1.tlog\cl.write.1.tlog
c:\users\jason.goss\source\repos\dll1\dll1\x64\release\dll1.tlog\dll1.write.1u.tlog
c:\users\jason.goss\source\repos\dll1\dll1\x64\release\dll1.tlog\link.command.1.tlog
c:\users\jason.goss\source\repos\dll1\dll1\x64\release\dll1.tlog\link.delete.1.tlog
c:\users\jason.goss\source\repos\dll1\dll1\x64\release\dll1.tlog\link.read.1.tlog
c:\users\jason.goss\source\repos\dll1\dll1\x64\release\dll1.tlog\link.write.1.tlog
c:\users\jason.goss\source\repos\dll1\dll1\x64\release\dll1.tlog\rc.command.1.tlog
c:\users\jason.goss\source\repos\dll1\dll1\x64\release\dll1.tlog\rc.read.1.tlog
c:\users\jason.goss\source\repos\dll1\dll1\x64\release\dll1.tlog\rc.write.1.tlog
